============================= test session starts ==============================
platform darwin -- Python 3.12.11, pytest-9.0.2, pluggy-1.6.0 -- /Users/sergey/Projects/OpenIdeaLab/CodeLab/acp-protocol/acp-client/.venv/bin/python3
cachedir: .pytest_cache
rootdir: /Users/sergey/Projects/OpenIdeaLab/CodeLab/acp-protocol/acp-client
configfile: pyproject.toml
plugins: asyncio-1.3.0
asyncio: mode=Mode.STRICT, debug=False, asyncio_default_fixture_loop_scope=None, asyncio_default_test_loop_scope=function
collecting ... collected 568 items

tests/test_application_state_machine.py::TestUIState::test_ui_state_values PASSED [  0%]
tests/test_application_state_machine.py::TestUIStateMachine::test_initial_state PASSED [  0%]
tests/test_application_state_machine.py::TestUIStateMachine::test_custom_initial_state PASSED [  0%]
tests/test_application_state_machine.py::TestUIStateMachine::test_valid_transition PASSED [  0%]
tests/test_application_state_machine.py::TestUIStateMachine::test_invalid_transition PASSED [  0%]
tests/test_application_state_machine.py::TestUIStateMachine::test_transition_with_reason PASSED [  1%]
tests/test_application_state_machine.py::TestUIStateMachine::test_transition_with_metadata PASSED [  1%]
tests/test_application_state_machine.py::TestUIStateMachine::test_transition_same_state_not_allowed PASSED [  1%]
tests/test_application_state_machine.py::TestUIStateMachine::test_state_change_listener PASSED [  1%]
tests/test_application_state_machine.py::TestUIStateMachine::test_multiple_listeners PASSED [  1%]
tests/test_application_state_machine.py::TestUIStateMachine::test_remove_listener PASSED [  1%]
tests/test_application_state_machine.py::TestUIStateMachine::test_reset PASSED [  2%]
tests/test_application_state_machine.py::TestUIStateMachine::test_reset_custom_state PASSED [  2%]
tests/test_application_state_machine.py::TestUIStateMachine::test_complex_transition_sequence PASSED [  2%]
tests/test_application_state_machine.py::TestUIStateMachine::test_error_state_recovery PASSED [  2%]
tests/test_cli.py::test_run_client_show_updates_for_session_load PASSED  [  2%]
tests/test_cli.py::test_run_client_starts_tui_mode PASSED                [  2%]
tests/test_di_bootstrapper.py::TestDIBootstrapper::test_build_creates_container PASSED [  3%]
tests/test_di_bootstrapper.py::TestDIBootstrapper::test_build_registers_event_bus PASSED [  3%]
tests/test_di_bootstrapper.py::TestDIBootstrapper::test_build_registers_transport_service PASSED [  3%]
tests/test_di_bootstrapper.py::TestDIBootstrapper::test_build_registers_session_repository PASSED [  3%]
tests/test_di_bootstrapper.py::TestDIBootstrapper::test_build_registers_session_coordinator PASSED [  3%]
tests/test_di_bootstrapper.py::TestDIBootstrapper::test_build_registers_all_view_models PASSED [  4%]
tests/test_di_bootstrapper.py::TestDIBootstrapper::test_build_creates_singletons PASSED [  4%]
tests/test_di_bootstrapper.py::TestDIBootstrapper::test_build_with_different_host_port PASSED [  4%]
tests/test_di_bootstrapper.py::TestDIBootstrapper::test_build_handles_errors PASSED [  4%]
tests/test_di_bootstrapper.py::TestDIBootstrapperIntegration::test_bootstrapped_services_are_connected PASSED [  4%]
tests/test_di_bootstrapper.py::TestDIBootstrapperIntegration::test_view_models_have_correct_dependencies PASSED [  4%]
tests/test_di_bootstrapper.py::TestDIBootstrapperIntegration::test_container_ready_for_application PASSED [  5%]
tests/test_di_container_dispose.py::TestDIContainerDispose::test_dispose_calls_cleanup_method PASSED [  5%]
tests/test_di_container_dispose.py::TestDIContainerDispose::test_dispose_calls_close_method PASSED [  5%]
tests/test_di_container_dispose.py::TestDIContainerDispose::test_dispose_ignores_services_without_cleanup PASSED [  5%]
tests/test_di_container_dispose.py::TestDIContainerDispose::test_dispose_clears_all_singletons PASSED [  5%]
tests/test_di_container_dispose.py::TestDIContainerDispose::test_dispose_handles_cleanup_errors PASSED [  5%]
tests/test_di_container_dispose.py::TestDIContainerDispose::test_dispose_with_multiple_services PASSED [  6%]
tests/test_di_container_dispose.py::TestDIContainerDispose::test_dispose_is_idempotent PASSED [  6%]
tests/test_di_container_dispose.py::TestDIContainerDispose::test_dispose_does_not_affect_registrations PASSED [  6%]
tests/test_di_container_integration.py::TestViewModelFactory::test_register_view_models_registers_all_vms PASSED [  6%]
tests/test_di_container_integration.py::TestViewModelFactory::test_register_view_models_requires_coordinator PASSED [  6%]
tests/test_di_container_integration.py::TestViewModelFactory::test_register_view_models_with_coordinator PASSED [  7%]
tests/test_di_container_integration.py::TestViewModelFactory::test_ui_view_model_is_singleton PASSED [  7%]
tests/test_di_container_integration.py::TestViewModelFactory::test_view_models_are_singletons_with_coordinator PASSED [  7%]
tests/test_di_container_integration.py::TestViewModelFactory::test_register_view_models_with_event_bus PASSED [  7%]
tests/test_di_container_integration.py::TestViewModelFactory::test_register_view_models_with_logger PASSED [  7%]
tests/test_di_container_integration.py::TestViewModelFactory::test_register_view_models_different_containers PASSED [  7%]
tests/test_di_container_integration.py::TestDIContainerViewModelIntegration::test_resolve_ui_view_model PASSED [  8%]
tests/test_di_container_integration.py::TestDIContainerViewModelIntegration::test_resolve_all_view_models_with_coordinator PASSED [  8%]
tests/test_di_container_integration.py::TestDIContainerViewModelIntegration::test_container_scope_is_singleton PASSED [  8%]
tests/test_di_container_integration.py::TestDIContainerViewModelIntegration::test_multiple_viewmodel_instances_independent PASSED [  8%]
tests/test_di_container_integration.py::TestDIContainerViewModelIntegration::test_container_clear_removes_singletons PASSED [  8%]
tests/test_di_container_integration.py::TestACPClientAppViewModelIntegration::test_app_initializes_container PASSED [  8%]
tests/test_di_container_integration.py::TestACPClientAppViewModelIntegration::test_app_registers_all_viewmodels PASSED [  9%]
tests/test_di_container_integration.py::TestACPClientAppViewModelIntegration::test_app_stores_ui_viewmodel PASSED [  9%]
tests/test_di_container_integration.py::TestACPClientAppViewModelIntegration::test_app_viewmodels_are_singletons PASSED [  9%]
tests/test_domain_entities.py::TestSession::test_session_create PASSED   [  9%]
tests/test_domain_entities.py::TestSession::test_session_with_custom_id PASSED [  9%]
tests/test_domain_entities.py::TestSession::test_session_has_timestamp PASSED [ 10%]
tests/test_domain_entities.py::TestMessage::test_message_request PASSED  [ 10%]
tests/test_domain_entities.py::TestMessage::test_message_response PASSED [ 10%]
tests/test_domain_entities.py::TestMessage::test_message_notification PASSED [ 10%]
tests/test_domain_entities.py::TestPermission::test_permission_create PASSED [ 10%]
tests/test_domain_entities.py::TestPermission::test_permission_default_details PASSED [ 10%]
tests/test_domain_entities.py::TestToolCall::test_tool_call_create PASSED [ 11%]
tests/test_domain_entities.py::TestToolCall::test_tool_call_with_result PASSED [ 11%]
tests/test_infrastructure_di_container.py::TestDIContainer::test_register_and_resolve_class PASSED [ 11%]
tests/test_infrastructure_di_container.py::TestDIContainer::test_singleton_scope PASSED [ 11%]
tests/test_infrastructure_di_container.py::TestDIContainer::test_transient_scope PASSED [ 11%]
tests/test_infrastructure_di_container.py::TestDIContainer::test_register_instance PASSED [ 11%]
tests/test_infrastructure_di_container.py::TestDIContainer::test_register_factory PASSED [ 12%]
tests/test_infrastructure_di_container.py::TestDIContainer::test_unregister_service PASSED [ 12%]
tests/test_infrastructure_di_container.py::TestDIContainer::test_resolve_unregistered_service PASSED [ 12%]
tests/test_infrastructure_di_container.py::TestDIContainer::test_clear_container PASSED [ 12%]
tests/test_infrastructure_di_container.py::TestContainerBuilder::test_builder_register_singleton PASSED [ 12%]
tests/test_infrastructure_di_container.py::TestContainerBuilder::test_builder_register_transient PASSED [ 13%]
tests/test_infrastructure_di_container.py::TestContainerBuilder::test_builder_multiple_registrations PASSED [ 13%]
tests/test_infrastructure_di_container.py::TestContainerBuilder::test_builder_register_without_implementation PASSED [ 13%]
tests/test_infrastructure_events_bus.py::TestEventBusBasics::test_event_bus_creation PASSED [ 13%]
tests/test_infrastructure_events_bus.py::TestEventBusBasics::test_subscribe_sync_handler PASSED [ 13%]
tests/test_infrastructure_events_bus.py::TestEventBusBasics::test_subscribe_async_handler PASSED [ 13%]
tests/test_infrastructure_events_bus.py::TestEventBusBasics::test_subscribe_prevents_duplicates PASSED [ 14%]
tests/test_infrastructure_events_bus.py::TestEventBusBasics::test_subscribe_multiple_different_handlers PASSED [ 14%]
tests/test_infrastructure_events_bus.py::TestEventBusBasics::test_subscribe_non_callable_raises_error PASSED [ 14%]
tests/test_infrastructure_events_bus.py::TestEventBusBasics::test_unsubscribe_handler PASSED [ 14%]
tests/test_infrastructure_events_bus.py::TestEventBusBasics::test_unsubscribe_nonexistent_handler_raises_error PASSED [ 14%]
tests/test_infrastructure_events_bus.py::TestEventBusPublishing::test_publish_calls_sync_handler PASSED [ 14%]
tests/test_infrastructure_events_bus.py::TestEventBusPublishing::test_publish_calls_async_handler PASSED [ 15%]
tests/test_infrastructure_events_bus.py::TestEventBusPublishing::test_publish_calls_multiple_handlers PASSED [ 15%]
tests/test_infrastructure_events_bus.py::TestEventBusPublishing::test_publish_mixed_sync_async_handlers PASSED [ 15%]
tests/test_infrastructure_events_bus.py::TestEventBusPublishing::test_publish_no_handlers PASSED [ 15%]
tests/test_infrastructure_events_bus.py::TestEventBusPublishing::test_publish_only_matching_event_types PASSED [ 15%]
tests/test_infrastructure_events_bus.py::TestEventBusErrorHandling::test_sync_handler_error_doesnt_stop_other_handlers PASSED [ 16%]
tests/test_infrastructure_events_bus.py::TestEventBusErrorHandling::test_async_handler_error_doesnt_stop_other_handlers PASSED [ 16%]
tests/test_infrastructure_events_bus.py::TestEventBusSubscriberManagement::test_subscribers_count PASSED [ 16%]
tests/test_infrastructure_events_bus.py::TestEventBusSubscriberManagement::test_has_subscribers PASSED [ 16%]
tests/test_infrastructure_events_bus.py::TestEventBusSubscriberManagement::test_clear_all_subscribers PASSED [ 16%]
tests/test_infrastructure_events_bus.py::TestEventBusSubscriberManagement::test_clear_subscribers_for_specific_event PASSED [ 16%]
tests/test_infrastructure_events_bus.py::TestEventBusRealWorldScenarios::test_event_bus_with_multiple_event_types PASSED [ 17%]
tests/test_infrastructure_events_bus.py::TestEventBusRealWorldScenarios::test_event_bus_with_stateful_handler PASSED [ 17%]
tests/test_infrastructure_events_bus.py::TestEventBusRealWorldScenarios::test_dynamic_subscription_and_unsubscription PASSED [ 17%]
tests/test_infrastructure_handler_registry.py::TestHandlerRegistryPermission::test_register_and_call_permission_handler PASSED [ 17%]
tests/test_infrastructure_handler_registry.py::TestHandlerRegistryPermission::test_permission_handler_not_registered PASSED [ 17%]
tests/test_infrastructure_handler_registry.py::TestHandlerRegistryPermission::test_async_permission_handler PASSED [ 17%]
tests/test_infrastructure_handler_registry.py::TestHandlerRegistryFileSystem::test_register_fs_read_handler PASSED [ 18%]
tests/test_infrastructure_handler_registry.py::TestHandlerRegistryFileSystem::test_fs_read_handler_not_registered PASSED [ 18%]
tests/test_infrastructure_handler_registry.py::TestHandlerRegistryFileSystem::test_register_fs_write_handler PASSED [ 18%]
tests/test_infrastructure_handler_registry.py::TestHandlerRegistryFileSystem::test_fs_write_handler_not_registered PASSED [ 18%]
tests/test_infrastructure_handler_registry.py::TestHandlerRegistryTerminal::test_register_terminal_create_handler PASSED [ 18%]
tests/test_infrastructure_handler_registry.py::TestHandlerRegistryTerminal::test_terminal_create_handler_not_registered PASSED [ 19%]
tests/test_infrastructure_handler_registry.py::TestHandlerRegistryTerminal::test_register_terminal_output_handler PASSED [ 19%]
tests/test_infrastructure_handler_registry.py::TestHandlerRegistryTerminal::test_register_terminal_kill_handler PASSED [ 19%]
tests/test_infrastructure_handler_registry.py::TestHandlerRegistryRegisterAll::test_register_all PASSED [ 19%]
tests/test_infrastructure_handler_registry.py::TestHandlerRegistryRegisterAll::test_clear PASSED [ 19%]
tests/test_infrastructure_logging.py::TestSetupLogging::test_setup_logging_default PASSED [ 19%]
tests/test_infrastructure_logging.py::TestSetupLogging::test_setup_logging_debug PASSED [ 20%]
tests/test_infrastructure_logging.py::TestSetupLogging::test_setup_logging_error PASSED [ 20%]
tests/test_infrastructure_logging.py::TestOperationTimer::test_operation_timer_success PASSED [ 20%]
tests/test_infrastructure_logging.py::TestOperationTimer::test_operation_timer_context_manager PASSED [ 20%]
tests/test_infrastructure_logging.py::TestOperationTimer::test_operation_timer_with_context PASSED [ 20%]
tests/test_infrastructure_logging.py::TestOperationTimer::test_operation_timer_sets_start_time PASSED [ 20%]
tests/test_infrastructure_logging.py::TestOperationTimer::test_operation_timer_handles_exception PASSED [ 21%]
tests/test_infrastructure_logging.py::TestGetLogger::test_get_logger_returns_logger PASSED [ 21%]
tests/test_infrastructure_logging.py::TestGetLogger::test_get_logger_with_different_names PASSED [ 21%]
tests/test_infrastructure_logging.py::TestGetLogger::test_get_logger_callable PASSED [ 21%]
tests/test_infrastructure_message_parser.py::TestMessageParserJsonParsing::test_parse_json_request PASSED [ 21%]
tests/test_infrastructure_message_parser.py::TestMessageParserJsonParsing::test_parse_json_response_with_result PASSED [ 22%]
tests/test_infrastructure_message_parser.py::TestMessageParserJsonParsing::test_parse_json_response_with_error PASSED [ 22%]
tests/test_infrastructure_message_parser.py::TestMessageParserJsonParsing::test_parse_json_invalid_json PASSED [ 22%]
tests/test_infrastructure_message_parser.py::TestMessageParserJsonParsing::test_parse_json_invalid_schema PASSED [ 22%]
tests/test_infrastructure_message_parser.py::TestMessageParserDictParsing::test_parse_dict_request PASSED [ 22%]
tests/test_infrastructure_message_parser.py::TestMessageParserDictParsing::test_parse_dict_response PASSED [ 22%]
tests/test_infrastructure_message_parser.py::TestMessageParserClassification::test_classify_request PASSED [ 23%]
tests/test_infrastructure_message_parser.py::TestMessageParserClassification::test_classify_notification PASSED [ 23%]
tests/test_infrastructure_message_parser.py::TestMessageParserClassification::test_classify_response PASSED [ 23%]
tests/test_infrastructure_plugins_manager.py::TestPluginBasics::test_simple_plugin_properties PASSED [ 23%]
tests/test_infrastructure_plugins_manager.py::TestPluginBasics::test_simple_plugin_lifecycle PASSED [ 23%]
tests/test_infrastructure_plugins_manager.py::TestPluginManagerBasics::test_plugin_manager_creation PASSED [ 23%]
tests/test_infrastructure_plugins_manager.py::TestPluginManagerBasics::test_register_plugin PASSED [ 24%]
tests/test_infrastructure_plugins_manager.py::TestPluginManagerBasics::test_register_duplicate_plugin_raises_error PASSED [ 24%]
tests/test_infrastructure_plugins_manager.py::TestPluginManagerBasics::test_list_plugins PASSED [ 24%]
tests/test_infrastructure_plugins_manager.py::TestPluginInitialization::test_initialize_single_plugin PASSED [ 24%]
tests/test_infrastructure_plugins_manager.py::TestPluginInitialization::test_initialize_all_plugins PASSED [ 24%]
tests/test_infrastructure_plugins_manager.py::TestPluginInitialization::test_initialize_nonexistent_plugin_raises_error PASSED [ 25%]
tests/test_infrastructure_plugins_manager.py::TestPluginInitialization::test_failing_plugin_raises_initialization_error PASSED [ 25%]
tests/test_infrastructure_plugins_manager.py::TestHandlerPluginIntegration::test_handler_plugin_registers_handlers PASSED [ 25%]
tests/test_infrastructure_plugins_manager.py::TestEventPluginIntegration::test_event_plugin_subscribes_to_events PASSED [ 25%]
tests/test_infrastructure_plugins_manager.py::TestPluginShutdown::test_shutdown_single_plugin PASSED [ 25%]
tests/test_infrastructure_plugins_manager.py::TestPluginShutdown::test_shutdown_all_plugins PASSED [ 25%]
tests/test_infrastructure_plugins_manager.py::TestPluginShutdown::test_shutdown_nonexistent_plugin_raises_error PASSED [ 26%]
tests/test_infrastructure_plugins_manager.py::TestPluginLoading::test_load_plugin_from_file PASSED [ 26%]
tests/test_infrastructure_plugins_manager.py::TestPluginLoading::test_load_plugin_nonexistent_file_raises_error PASSED [ 26%]
tests/test_infrastructure_plugins_manager.py::TestPluginLoading::test_load_plugin_no_plugin_class_raises_error PASSED [ 26%]
tests/test_infrastructure_plugins_manager.py::TestPluginLoading::test_load_plugin_with_multiple_plugin_classes_raises_error PASSED [ 26%]
tests/test_infrastructure_transport.py::TestWebSocketTransportInitialization::test_default_parameters PASSED [ 26%]
tests/test_infrastructure_transport.py::TestWebSocketTransportInitialization::test_custom_parameters PASSED [ 27%]
tests/test_infrastructure_transport.py::TestWebSocketTransportInitialization::test_connection_initially_closed PASSED [ 27%]
tests/test_infrastructure_transport.py::TestWebSocketTransportInitialization::test_send_raises_when_not_connected PASSED [ 27%]
tests/test_infrastructure_transport.py::TestWebSocketTransportInitialization::test_receive_raises_when_not_connected PASSED [ 27%]
tests/test_integration_with_server.py::test_load_session_helper_collects_replay_updates PASSED [ 27%]
tests/test_integration_with_server.py::test_load_session_parsed_returns_typed_updates PASSED [ 27%]
tests/test_integration_with_server.py::test_load_session_tool_updates_filters_non_tool_events PASSED [ 28%]
tests/test_integration_with_server.py::test_load_session_plan_updates_filters_non_plan_events PASSED [ 28%]
tests/test_integration_with_server.py::test_load_session_structured_updates_filters_known_payloads PASSED [ 28%]
tests/test_integration_with_server.py::test_ws_client_receives_updates PASSED [ 28%]
tests/test_integration_with_server.py::test_ws_client_initializes_before_session_methods PASSED [ 28%]
tests/test_integration_with_server.py::test_persistent_ws_session_initializes_once_for_multiple_session_methods PASSED [ 29%]
tests/test_integration_with_server.py::test_ws_client_auto_authenticates_before_session_method PASSED [ 29%]
tests/test_integration_with_server.py::test_ws_client_auto_authenticate_sends_api_key_when_configured PASSED [ 29%]
tests/test_integration_with_server.py::test_persistent_ws_session_auto_authenticates_once PASSED [ 29%]
tests/test_integration_with_server.py::test_ws_client_does_not_initialize_before_non_session_method PASSED [ 29%]
tests/test_integration_with_server.py::test_client_authenticate_sends_method_id_and_parses_empty_result PASSED [ 29%]
tests/test_integration_with_server.py::test_client_authenticate_sends_configured_api_key PASSED [ 30%]
tests/test_integration_with_server.py::test_set_config_option_with_updates_returns_structured_updates PASSED [ 30%]
tests/test_integration_with_server.py::test_ws_client_handles_permission_request PASSED [ 30%]
tests/test_integration_with_server.py::test_prompt_helper_sends_meta_directives_and_parses_result PASSED [ 30%]
tests/test_integration_with_server.py::test_persistent_ws_prompt_helper_sends_meta_directives_and_parses_result PASSED [ 30%]
tests/test_integration_with_server.py::test_persistent_ws_authenticate_helper_sends_method_id PASSED [ 30%]
tests/test_integration_with_server.py::test_ws_client_handles_fs_read_request PASSED [ 31%]
tests/test_integration_with_server.py::test_ws_client_handles_fs_write_request PASSED [ 31%]
tests/test_integration_with_server.py::test_ws_client_handles_terminal_requests PASSED [ 31%]
tests/test_logging.py::test_setup_logging_default PASSED                 [ 31%]
tests/test_logging.py::test_setup_logging_debug_level PASSED             [ 31%]
tests/test_logging.py::test_setup_logging_json_format PASSED             [ 32%]
tests/test_logging.py::test_setup_logging_console_format PASSED          [ 32%]
tests/test_logging.py::test_setup_logging_with_file PASSED               [ 32%]
tests/test_logging.py::test_setup_logging_with_default_file_path PASSED  [ 32%]
tests/test_messages.py::test_parse_json_params_object PASSED             [ 32%]
tests/test_messages.py::test_parse_json_params_requires_object PASSED    [ 32%]
tests/test_messages.py::test_message_to_from_dict PASSED                 [ 33%]
tests/test_messages.py::test_parse_session_update_notification PASSED    [ 33%]
tests/test_messages.py::test_parse_session_update_notification_ignores_other_methods PASSED [ 33%]
tests/test_messages.py::test_parse_tool_call_created_update PASSED       [ 33%]
tests/test_messages.py::test_parse_tool_call_state_update PASSED         [ 33%]
tests/test_messages.py::test_parse_tool_call_state_update_with_typed_content_and_locations PASSED [ 33%]
tests/test_messages.py::test_parse_request_permission_request PASSED     [ 34%]
tests/test_messages.py::test_parse_request_permission_request_rejects_unknown_option_kind PASSED [ 34%]
tests/test_messages.py::test_parse_plan_update PASSED                    [ 34%]
tests/test_messages.py::test_parse_initialize_result_success PASSED      [ 34%]
tests/test_messages.py::test_parse_initialize_result_parses_auth_methods PASSED [ 34%]
tests/test_messages.py::test_parse_initialize_result_error_response_raises PASSED [ 35%]
tests/test_messages.py::test_parse_authenticate_result_success PASSED    [ 35%]
tests/test_messages.py::test_parse_session_list_result_success PASSED    [ 35%]
tests/test_messages.py::test_parse_session_list_result_error_response_raises PASSED [ 35%]
tests/test_messages.py::test_parse_session_setup_result_success PASSED   [ 35%]
tests/test_messages.py::test_parse_session_setup_result_error_response_raises PASSED [ 35%]
tests/test_messages.py::test_parse_prompt_result_accepts_all_supported_stop_reasons[end_turn] PASSED [ 36%]
tests/test_messages.py::test_parse_prompt_result_accepts_all_supported_stop_reasons[max_tokens] PASSED [ 36%]
tests/test_messages.py::test_parse_prompt_result_accepts_all_supported_stop_reasons[max_turn_requests] PASSED [ 36%]
tests/test_messages.py::test_parse_prompt_result_accepts_all_supported_stop_reasons[refusal] PASSED [ 36%]
tests/test_messages.py::test_parse_prompt_result_accepts_all_supported_stop_reasons[cancelled] PASSED [ 36%]
tests/test_messages.py::test_parse_structured_session_update_for_message_chunk PASSED [ 36%]
tests/test_messages.py::test_parse_structured_session_update_for_non_text_content_blocks PASSED [ 37%]
tests/test_messages.py::test_parse_structured_session_update_for_thought_chunk PASSED [ 37%]
tests/test_messages.py::test_parse_structured_session_update_for_session_state_updates PASSED [ 37%]
tests/test_messages.py::test_parse_structured_session_update_rejects_invalid_current_mode_shape PASSED [ 37%]
tests/test_navigation_manager.py::TestNavigationManager::test_manager_initialization PASSED [ 37%]
tests/test_navigation_manager.py::TestNavigationManager::test_show_screen_success PASSED [ 38%]
tests/test_navigation_manager.py::TestNavigationManager::test_show_modal_screen PASSED [ 38%]
tests/test_navigation_manager.py::TestNavigationManager::test_show_screen_with_priority PASSED [ 38%]
tests/test_navigation_manager.py::TestNavigationManager::test_show_screen_error_handling PASSED [ 38%]
tests/test_navigation_manager.py::TestNavigationManager::test_hide_screen_success PASSED [ 38%]
tests/test_navigation_manager.py::TestNavigationManager::test_hide_modal_screen PASSED [ 38%]
tests/test_navigation_manager.py::TestNavigationManager::test_hide_top_screen PASSED [ 39%]
tests/test_navigation_manager.py::TestNavigationManager::test_hide_screen_empty_stack PASSED [ 39%]
tests/test_navigation_manager.py::TestNavigationManager::test_reset_clears_modals PASSED [ 39%]
tests/test_navigation_manager.py::TestNavigationManager::test_get_modal_by_type PASSED [ 39%]
tests/test_navigation_manager.py::TestNavigationManager::test_get_modal_by_type_not_found PASSED [ 39%]
tests/test_navigation_manager.py::TestNavigationManager::test_is_modal_visible PASSED [ 39%]
tests/test_navigation_manager.py::TestNavigationManager::test_get_screen_stack_depth PASSED [ 40%]
tests/test_navigation_manager.py::TestNavigationManager::test_subscribe_to_view_model_with_observable PASSED [ 40%]
tests/test_navigation_manager.py::TestNavigationManager::test_subscribe_to_view_model_without_observable PASSED [ 40%]
tests/test_navigation_manager.py::TestNavigationManager::test_view_model_sync_show_modal PASSED [ 40%]
tests/test_navigation_manager.py::TestNavigationManager::test_dispose_cleanup PASSED [ 40%]
tests/test_navigation_manager.py::TestNavigationManager::test_sequential_show_hide_operations PASSED [ 41%]
tests/test_navigation_manager.py::TestNavigationManager::test_multiple_show_operations PASSED [ 41%]
tests/test_navigation_manager.py::TestNavigationManager::test_hide_screen_with_result PASSED [ 41%]
tests/test_navigation_manager.py::TestNavigationManager::test_navigation_error_exception PASSED [ 41%]
tests/test_navigation_manager.py::TestNavigationManager::test_screen_stack_error_exception PASSED [ 41%]
tests/test_navigation_manager.py::TestNavigationManager::test_modal_not_found_error_exception PASSED [ 41%]
tests/test_navigation_manager.py::TestNavigationManager::test_operation_timeout_error_exception PASSED [ 42%]
tests/test_navigation_manager.py::TestNavigationManager::test_callback_called_on_show_success PASSED [ 42%]
tests/test_navigation_manager.py::TestNavigationManager::test_callback_called_on_hide_success PASSED [ 42%]
tests/test_navigation_manager.py::TestNavigationManager::test_show_multiple_modal_screens PASSED [ 42%]
tests/test_navigation_manager.py::TestNavigationManager::test_prevent_cyclic_updates PASSED [ 42%]
tests/test_navigation_manager.py::TestNavigationManager::test_modal_type_from_screen_class_name PASSED [ 42%]
tests/test_navigation_manager.py::TestNavigationManager::test_hide_screen_by_id PASSED [ 43%]
tests/test_navigation_manager.py::TestNavigationManager::test_reset_with_multiple_modals PASSED [ 43%]
tests/test_navigation_manager.py::TestNavigationManager::test_metadata_in_operations PASSED [ 43%]
tests/test_navigation_queue.py::TestOperationQueue::test_queue_initialization PASSED [ 43%]
tests/test_navigation_queue.py::TestOperationQueue::test_is_empty_check PASSED [ 43%]
tests/test_navigation_queue.py::TestOperationQueue::test_queue_size PASSED [ 44%]
tests/test_navigation_queue.py::TestOperationQueue::test_queue_clear PASSED [ 44%]
tests/test_navigation_queue.py::TestOperationQueue::test_enqueue_single_operation PASSED [ 44%]
tests/test_navigation_queue.py::TestOperationQueue::test_enqueue_multiple_operations PASSED [ 44%]
tests/test_navigation_queue.py::TestOperationQueue::test_priority_ordering_high_first PASSED [ 44%]
tests/test_navigation_queue.py::TestOperationQueue::test_fifo_order_same_priority PASSED [ 44%]
tests/test_navigation_queue.py::TestOperationQueue::test_complex_priority_mix PASSED [ 45%]
tests/test_navigation_queue.py::TestOperationQueue::test_operation_callback_success PASSED [ 45%]
tests/test_navigation_queue.py::TestOperationQueue::test_operation_callback_error PASSED [ 45%]
tests/test_navigation_queue.py::TestOperationQueue::test_operation_timeout PASSED [ 45%]
tests/test_navigation_queue.py::TestOperationQueue::test_operation_timeout_callback PASSED [ 45%]
tests/test_navigation_queue.py::TestOperationQueue::test_empty_queue_dequeue PASSED [ 45%]
tests/test_navigation_queue.py::TestOperationQueue::test_concurrent_enqueue PASSED [ 46%]
tests/test_navigation_queue.py::TestOperationQueue::test_set_executor PASSED [ 46%]
tests/test_navigation_queue.py::TestOperationQueue::test_operation_without_callbacks PASSED [ 46%]
tests/test_navigation_queue.py::TestOperationQueue::test_multiple_operations_sequential_execution PASSED [ 46%]
tests/test_navigation_queue.py::TestOperationQueue::test_executor_return_value PASSED [ 46%]
tests/test_navigation_tracker.py::TestModalWindowTracker::test_tracker_initialization PASSED [ 47%]
tests/test_navigation_tracker.py::TestModalWindowTracker::test_register_single_modal PASSED [ 47%]
tests/test_navigation_tracker.py::TestModalWindowTracker::test_register_modal_auto_id PASSED [ 47%]
tests/test_navigation_tracker.py::TestModalWindowTracker::test_register_modal_explicit_id PASSED [ 47%]
tests/test_navigation_tracker.py::TestModalWindowTracker::test_unregister_modal PASSED [ 47%]
tests/test_navigation_tracker.py::TestModalWindowTracker::test_unregister_nonexistent_modal PASSED [ 47%]
tests/test_navigation_tracker.py::TestModalWindowTracker::test_unregister_by_screen PASSED [ 48%]
tests/test_navigation_tracker.py::TestModalWindowTracker::test_unregister_by_nonexistent_screen PASSED [ 48%]
tests/test_navigation_tracker.py::TestModalWindowTracker::test_get_modal_by_type PASSED [ 48%]
tests/test_navigation_tracker.py::TestModalWindowTracker::test_get_modal_by_type_nonexistent PASSED [ 48%]
tests/test_navigation_tracker.py::TestModalWindowTracker::test_get_modal_by_type_returns_last PASSED [ 48%]
tests/test_navigation_tracker.py::TestModalWindowTracker::test_get_all_modals_by_type PASSED [ 48%]
tests/test_navigation_tracker.py::TestModalWindowTracker::test_get_all_modals_by_type_empty PASSED [ 49%]
tests/test_navigation_tracker.py::TestModalWindowTracker::test_is_modal_visible PASSED [ 49%]
tests/test_navigation_tracker.py::TestModalWindowTracker::test_is_modal_visible_after_unregister PASSED [ 49%]
tests/test_navigation_tracker.py::TestModalWindowTracker::test_get_all_modals PASSED [ 49%]
tests/test_navigation_tracker.py::TestModalWindowTracker::test_get_all_modals_empty PASSED [ 49%]
tests/test_navigation_tracker.py::TestModalWindowTracker::test_get_modal_count_total PASSED [ 50%]
tests/test_navigation_tracker.py::TestModalWindowTracker::test_get_modal_count_by_type PASSED [ 50%]
tests/test_navigation_tracker.py::TestModalWindowTracker::test_clear_all_modals PASSED [ 50%]
tests/test_navigation_tracker.py::TestModalWindowTracker::test_register_with_same_id_overwrites PASSED [ 50%]
tests/test_navigation_tracker.py::TestModalWindowTracker::test_multiple_types_independence PASSED [ 50%]
tests/test_navigation_tracker.py::TestModalWindowTracker::test_register_multiple_same_type PASSED [ 50%]
tests/test_navigation_tracker.py::TestModalWindowTracker::test_unregister_middle_modal PASSED [ 51%]
tests/test_navigation_tracker.py::TestModalWindowTracker::test_type_index_cleanup_after_unregister PASSED [ 51%]
tests/test_navigation_tracker.py::TestModalWindowTracker::test_get_modal_count_none_vs_all PASSED [ 51%]
tests/test_navigation_tracker.py::TestModalWindowTracker::test_screen_identity PASSED [ 51%]
tests/test_navigation_tracker.py::TestModalWindowTracker::test_concurrent_registration PASSED [ 51%]
tests/test_permission_handler.py::test_build_permission_result_supports_sync_callback PASSED [ 51%]
tests/test_permission_handler.py::test_build_permission_result_supports_async_callback PASSED [ 52%]
tests/test_permission_handler.py::test_build_permission_result_returns_cancelled_without_selection PASSED [ 52%]
tests/test_presentation_base_view_model.py::TestBaseViewModel::test_viewmodel_initialization PASSED [ 52%]
tests/test_presentation_base_view_model.py::TestBaseViewModel::test_viewmodel_with_event_bus PASSED [ 52%]
tests/test_presentation_base_view_model.py::TestBaseViewModel::test_viewmodel_with_logger PASSED [ 52%]
tests/test_presentation_base_view_model.py::TestBaseViewModel::test_viewmodel_on_event_without_bus PASSED [ 52%]
tests/test_presentation_base_view_model.py::TestBaseViewModel::test_viewmodel_on_event_with_bus PASSED [ 53%]
tests/test_presentation_base_view_model.py::TestBaseViewModel::test_viewmodel_publish_event_without_bus PASSED [ 53%]
tests/test_presentation_base_view_model.py::TestBaseViewModel::test_viewmodel_publish_event_with_bus PASSED [ 53%]
tests/test_presentation_base_view_model.py::TestBaseViewModel::test_viewmodel_cleanup PASSED [ 53%]
tests/test_presentation_base_view_model.py::TestBaseViewModel::test_viewmodel_cleanup_with_error PASSED [ 53%]
tests/test_presentation_base_view_model.py::TestBaseViewModel::test_viewmodel_multiple_subscriptions_cleanup PASSED [ 54%]
tests/test_presentation_base_view_model.py::TestBaseViewModel::test_viewmodel_on_event_stores_unsubscribe PASSED [ 54%]
tests/test_presentation_observable.py::TestObservable::test_observable_initialization PASSED [ 54%]
tests/test_presentation_observable.py::TestObservable::test_observable_value_change PASSED [ 54%]
tests/test_presentation_observable.py::TestObservable::test_observable_notify_on_change PASSED [ 54%]
tests/test_presentation_observable.py::TestObservable::test_observable_no_notify_on_same_value PASSED [ 54%]
tests/test_presentation_observable.py::TestObservable::test_observable_multiple_observers PASSED [ 55%]
tests/test_presentation_observable.py::TestObservable::test_observable_unsubscribe PASSED [ 55%]
tests/test_presentation_observable.py::TestObservable::test_observable_string_value PASSED [ 55%]
tests/test_presentation_observable.py::TestObservable::test_observable_list_value PASSED [ 55%]
tests/test_presentation_observable.py::TestObservable::test_observable_repr PASSED [ 55%]
tests/test_presentation_observable.py::TestObservableCommand::test_command_execute_success PASSED [ 55%]
tests/test_presentation_observable.py::TestObservableCommand::test_command_execute_with_args PASSED [ 56%]
tests/test_presentation_observable.py::TestObservableCommand::test_command_execute_with_kwargs PASSED [ 56%]
tests/test_presentation_observable.py::TestObservableCommand::test_command_executing_flag PASSED [ 56%]
tests/test_presentation_observable.py::TestObservableCommand::test_command_execute_error PASSED [ 56%]
tests/test_presentation_observable.py::TestObservableCommand::test_command_sync_handler PASSED [ 56%]
tests/test_presentation_observable.py::TestObservableCommand::test_command_last_result PASSED [ 57%]
tests/test_presentation_observable.py::TestObservableCommand::test_command_error_clears_on_retry PASSED [ 57%]
tests/test_presentation_observable.py::TestObservableCommand::test_command_repr PASSED [ 57%]
tests/test_presentation_observable.py::TestObservableIntegration::test_observable_chain_updates PASSED [ 57%]
tests/test_presentation_observable.py::TestObservableIntegration::test_command_with_observable_update PASSED [ 57%]
tests/test_presentation_observable.py::TestObservableIntegration::test_observable_with_exception_in_observer PASSED [ 57%]
tests/test_presentation_session_view_model.py::TestSessionViewModel::test_viewmodel_initialization PASSED [ 58%]
tests/test_presentation_session_view_model.py::TestSessionViewModel::test_observable_properties PASSED [ 58%]
tests/test_presentation_session_view_model.py::TestSessionViewModel::test_load_sessions PASSED [ 58%]
tests/test_presentation_session_view_model.py::TestSessionViewModel::test_load_sessions_error PASSED [ 58%]
tests/test_presentation_session_view_model.py::TestSessionViewModel::test_create_session PASSED [ 58%]
tests/test_presentation_session_view_model.py::TestSessionViewModel::test_create_session_adds_to_existing PASSED [ 58%]
tests/test_presentation_session_view_model.py::TestSessionViewModel::test_switch_session_valid PASSED [ 59%]
tests/test_presentation_session_view_model.py::TestSessionViewModel::test_switch_session_invalid PASSED [ 59%]
tests/test_presentation_session_view_model.py::TestSessionViewModel::test_delete_session PASSED [ 59%]
tests/test_presentation_session_view_model.py::TestSessionViewModel::test_delete_selected_session PASSED [ 59%]
tests/test_presentation_session_view_model.py::TestSessionViewModel::test_delete_last_session PASSED [ 59%]
tests/test_presentation_session_view_model.py::TestSessionViewModel::test_handle_session_closed_event PASSED [ 60%]
tests/test_presentation_session_view_model.py::TestSessionViewModel::test_loading_observable_subscription PASSED [ 60%]
tests/test_presentation_session_view_model.py::TestSessionViewModel::test_error_message_observable_subscription PASSED [ 60%]
tests/test_presentation_session_view_model.py::TestSessionViewModel::test_create_session_with_kwargs PASSED [ 60%]
tests/test_tui_app.py::test_format_footer_error_extracts_jsonrpc_code_and_reason PASSED [ 60%]
tests/test_tui_app.py::test_format_footer_error_handles_plain_error_message PASSED [ 60%]
tests/test_tui_app.py::test_format_retry_footer_error_adds_retry_hint PASSED [ 61%]
tests/test_tui_app.py::test_failed_operations_queue_deduplicates_by_label PASSED [ 61%]
tests/test_tui_app.py::test_failed_operations_queue_keeps_latest_five PASSED [ 61%]
tests/test_tui_app.py::test_format_offline_footer_detail_includes_retry_hint PASSED [ 61%]
tests/test_tui_app.py::test_format_offline_footer_detail_uses_default_reason_when_empty PASSED [ 61%]
tests/test_tui_app.py::test_format_footer_status_builds_state_prefixed_line PASSED [ 61%]
tests/test_tui_app.py::test_build_error_state_status_returns_offline_when_not_ready PASSED [ 62%]
tests/test_tui_app.py::test_build_error_state_status_returns_degraded_with_prefix PASSED [ 62%]
tests/test_tui_app.py::test_build_error_state_status_adds_retry_hint_for_retryable_action PASSED [ 62%]
tests/test_tui_app.py::test_build_retry_skipped_status_returns_offline_when_disconnected PASSED [ 62%]
tests/test_tui_app.py::test_build_retry_started_status_returns_reconnecting_when_disconnected PASSED [ 62%]
tests/test_tui_app.py::test_focus_session_list_alias_focuses_sidebar PASSED [ 63%]
tests/test_tui_app.py::test_cycle_focus_switches_between_sidebar_and_prompt PASSED [ 63%]
tests/test_tui_app.py::test_clear_chat_resets_messages_and_updates_status PASSED [ 63%]
tests/test_tui_app.py::test_open_help_adds_system_message_and_help_status PASSED [ 63%]
tests/test_tui_app.py::test_open_terminal_output_shows_message_when_snapshot_absent PASSED [ 63%]
tests/test_tui_app.py::test_open_terminal_output_pushes_modal_when_snapshot_exists PASSED [ 63%]
tests/test_tui_app.py::test_render_replay_updates_routes_plan_snapshot PASSED [ 64%]
tests/test_tui_app.py::test_resolve_replay_updates_uses_server_snapshot_and_persists PASSED [ 64%]
tests/test_tui_app.py::test_resolve_replay_updates_falls_back_to_history_cache PASSED [ 64%]
tests/test_tui_app.py::test_resolve_replay_updates_passes_cached_updates_to_merge PASSED [ 64%]
tests/test_tui_app.py::test_reconnect_callbacks_emit_runtime_state_transitions PASSED [ 64%]
tests/test_tui_app.py::test_retry_prompt_without_failed_operations_uses_offline_state_when_disconnected PASSED [ 64%]
tests/test_tui_app.py::test_retry_prompt_starts_reconnecting_when_operation_exists_but_disconnected PASSED [ 65%]
tests/test_tui_app.py::test_offline_prompt_blocked_then_reconnect_then_retry_success PASSED [ 65%]
tests/test_tui_app.py::test_offline_prompt_blocked_then_reconnect_retry_failure_returns_to_degraded PASSED [ 65%]
tests/test_tui_app.py::test_offline_prompt_blocked_then_retry_loses_connection_returns_offline PASSED [ 65%]
tests/test_tui_app.py::test_multiple_offline_prompt_blocks_retry_latest_prompt_after_reconnect PASSED [ 65%]
tests/test_tui_app.py::test_cancel_prompt_sets_reconnecting_state_when_disconnect_detected PASSED [ 66%]
tests/test_tui_app.py::test_cancel_prompt_failure_is_queued_for_retry PASSED [ 66%]
tests/test_tui_app.py::test_on_file_written_refreshes_file_tree PASSED   [ 66%]
tests/test_tui_app.py::test_file_tree_open_request_reads_file_and_opens_viewer PASSED [ 66%]
tests/test_tui_app.py::test_terminal_create_and_output_are_reported_to_chat PASSED [ 66%]
tests/test_tui_app.py::test_terminal_wait_and_kill_are_reported_to_chat PASSED [ 66%]
tests/test_tui_app.py::test_permission_request_auto_applies_saved_policy PASSED [ 67%]
tests/test_tui_app.py::test_permission_request_saves_policy_after_always_choice PASSED [ 67%]
tests/test_tui_app.py::test_permission_request_timeout_returns_none PASSED [ 67%]
tests/test_tui_chat_view_mvvm.py::test_chat_view_initializes_with_chat_view_model PASSED [ 67%]
tests/test_tui_chat_view_mvvm.py::test_chat_view_displays_empty_when_no_messages PASSED [ 67%]
tests/test_tui_chat_view_mvvm.py::test_chat_view_updates_on_messages_changed PASSED [ 67%]
tests/test_tui_chat_view_mvvm.py::test_chat_view_updates_on_streaming_text_changed PASSED [ 68%]
tests/test_tui_chat_view_mvvm.py::test_chat_view_updates_on_tool_calls_changed PASSED [ 68%]
tests/test_tui_chat_view_mvvm.py::test_chat_view_handles_streaming_state_changes PASSED [ 68%]
tests/test_tui_chat_view_mvvm.py::test_chat_view_handles_multiple_message_batches PASSED [ 68%]
tests/test_tui_chat_view_mvvm.py::test_chat_view_with_vm_appends_message_to_model PASSED [ 68%]
tests/test_tui_config.py::test_tui_config_store_save_and_load_roundtrip PASSED [ 69%]
tests/test_tui_config.py::test_tui_config_store_fallbacks_on_invalid_payload PASSED [ 69%]
tests/test_tui_config.py::test_resolve_tui_connection_uses_store_values_when_args_missing PASSED [ 69%]
tests/test_tui_connection_manager.py::test_connection_manager_retries_once_after_transport_error PASSED [ 69%]
tests/test_tui_connection_manager.py::test_connection_manager_raises_after_second_transport_error PASSED [ 69%]
tests/test_tui_connection_manager.py::test_connection_manager_is_ready_returns_false_by_default PASSED [ 69%]
tests/test_tui_connection_manager.py::test_connection_manager_is_ready_requires_session_and_initialize PASSED [ 70%]
tests/test_tui_file_tree.py::test_file_tree_updates_root_for_valid_directory FAILED [ 70%]
tests/test_tui_file_tree.py::test_file_tree_ignores_relative_root_path PASSED [ 70%]
tests/test_tui_file_tree.py::test_file_tree_filters_hidden_paths PASSED  [ 70%]
tests/test_tui_file_tree.py::test_file_tree_refresh_tree_skips_when_not_mounted PASSED [ 70%]
tests/test_tui_file_tree.py::test_file_tree_marks_changed_file_and_parent_directory PASSED [ 70%]
tests/test_tui_file_tree_mvvm.py::test_file_tree_requires_filesystem_vm PASSED [ 71%]
tests/test_tui_file_tree_mvvm.py::test_file_tree_initializes_root_path_from_param PASSED [ 71%]
tests/test_tui_file_tree_mvvm.py::test_file_tree_initializes_root_path_from_view_model PASSED [ 71%]
tests/test_tui_file_tree_mvvm.py::test_file_tree_updates_on_root_change PASSED [ 71%]
tests/test_tui_file_tree_mvvm.py::test_file_tree_updates_on_selection_change PASSED [ 71%]
tests/test_tui_file_tree_mvvm.py::test_file_tree_select_file_method PASSED [ 72%]
tests/test_tui_file_tree_mvvm.py::test_file_tree_loading_status PASSED   [ 72%]
tests/test_tui_file_tree_mvvm.py::test_file_tree_clear PASSED            [ 72%]
tests/test_tui_file_tree_mvvm.py::test_file_tree_backward_compatibility_set_root_path PASSED [ 72%]
tests/test_tui_file_tree_mvvm.py::test_file_tree_backward_compatibility_mark_changed PASSED [ 72%]
tests/test_tui_file_tree_mvvm.py::test_file_tree_observable_subscription PASSED [ 72%]
tests/test_tui_file_tree_mvvm.py::test_file_tree_mvvm_decoupling PASSED  [ 73%]
tests/test_tui_file_tree_mvvm.py::test_file_tree_multiple_observers PASSED [ 73%]
tests/test_tui_file_viewer.py::test_file_viewer_search_rebuilds_matches_and_updates_status PASSED [ 73%]
tests/test_tui_file_viewer.py::test_file_viewer_move_match_cycles_positions PASSED [ 73%]
tests/test_tui_file_viewer_mvvm.py::test_file_viewer_requires_file_viewer_vm PASSED [ 73%]
tests/test_tui_file_viewer_mvvm.py::test_file_viewer_shows_file PASSED   [ 73%]
tests/test_tui_file_viewer_mvvm.py::test_file_viewer_initializes_with_parameters PASSED [ 74%]
tests/test_tui_file_viewer_mvvm.py::test_file_viewer_updates_on_content_change PASSED [ 74%]
tests/test_tui_file_viewer_mvvm.py::test_file_viewer_hides_on_close PASSED [ 74%]
tests/test_tui_file_viewer_mvvm.py::test_file_viewer_loading_status PASSED [ 74%]
tests/test_tui_file_viewer_mvvm.py::test_file_viewer_clear PASSED        [ 74%]
tests/test_tui_file_viewer_mvvm.py::test_file_viewer_backward_compatibility_show_file PASSED [ 75%]
tests/test_tui_file_viewer_mvvm.py::test_file_viewer_backward_compatibility_show_file_with_string PASSED [ 75%]
tests/test_tui_file_viewer_mvvm.py::test_file_viewer_backward_compatibility_close PASSED [ 75%]
tests/test_tui_file_viewer_mvvm.py::test_file_viewer_multiple_files_switch PASSED [ 75%]
tests/test_tui_file_viewer_mvvm.py::test_file_viewer_path_normalization PASSED [ 75%]
tests/test_tui_file_viewer_mvvm.py::test_file_viewer_empty_content PASSED [ 75%]
tests/test_tui_filesystem_manager.py::test_read_file_requires_absolute_path PASSED [ 76%]
tests/test_tui_filesystem_manager.py::test_read_file_supports_line_and_limit PASSED [ 76%]
tests/test_tui_filesystem_manager.py::test_write_file_creates_parent_dirs_and_notifies_callback PASSED [ 76%]
tests/test_tui_filesystem_manager.py::test_write_file_requires_absolute_path PASSED [ 76%]
tests/test_tui_footer_and_tool_panel_mvvm.py::test_footer_bar_initializes_with_ui_view_model PASSED [ 76%]
tests/test_tui_footer_and_tool_panel_mvvm.py::test_footer_bar_displays_connection_status PASSED [ 76%]
tests/test_tui_footer_and_tool_panel_mvvm.py::test_footer_bar_displays_error_message PASSED [ 77%]
tests/test_tui_footer_and_tool_panel_mvvm.py::test_footer_bar_displays_warning_message PASSED [ 77%]
tests/test_tui_footer_and_tool_panel_mvvm.py::test_footer_bar_displays_info_message PASSED [ 77%]
tests/test_tui_footer_and_tool_panel_mvvm.py::test_footer_bar_error_has_priority_over_warning PASSED [ 77%]
tests/test_tui_footer_and_tool_panel_mvvm.py::test_footer_bar_warning_has_priority_over_info PASSED [ 77%]
tests/test_tui_footer_and_tool_panel_mvvm.py::test_tool_panel_initializes_with_chat_view_model FAILED [ 77%]
tests/test_tui_footer_and_tool_panel_mvvm.py::test_tool_panel_displays_empty_message_by_default PASSED [ 78%]
tests/test_tui_footer_and_tool_panel_mvvm.py::test_tool_panel_updates_on_tool_calls_empty PASSED [ 78%]
tests/test_tui_footer_and_tool_panel_mvvm.py::test_tool_panel_updates_on_tool_calls_added PASSED [ 78%]
tests/test_tui_footer_and_tool_panel_mvvm.py::test_tool_panel_reset_clears_calls PASSED [ 78%]
tests/test_tui_footer_and_tool_panel_mvvm.py::test_tool_panel_apply_update_works PASSED [ 78%]
tests/test_tui_handlers.py::test_update_handler_routes_agent_and_user_text_chunks PASSED [ 79%]
tests/test_tui_handlers.py::test_update_handler_ignores_non_text_content PASSED [ 79%]
tests/test_tui_handlers.py::test_update_handler_routes_tool_updates FAILED [ 79%]
tests/test_tui_handlers.py::test_update_handler_routes_plan_updates PASSED [ 79%]
tests/test_tui_header.py::test_header_bar_initializes_with_ui_view_model PASSED [ 79%]
tests/test_tui_header.py::test_header_bar_displays_initial_status PASSED [ 79%]
tests/test_tui_header.py::test_header_bar_updates_on_connection_status_change PASSED [ 80%]
tests/test_tui_header.py::test_header_bar_shows_loading_indicator_when_loading PASSED [ 80%]
tests/test_tui_header.py::test_header_bar_hides_loading_indicator_when_not_loading PASSED [ 80%]
tests/test_tui_header.py::test_header_bar_handles_multiple_status_changes PASSED [ 80%]
tests/test_tui_header.py::test_header_bar_displays_connected_status PASSED [ 80%]
tests/test_tui_header.py::test_header_bar_displays_error_status PASSED   [ 80%]
tests/test_tui_history_cache.py::test_history_cache_save_and_load_roundtrip PASSED [ 81%]
tests/test_tui_history_cache.py::test_history_cache_save_updates_overwrites_snapshot PASSED [ 81%]
tests/test_tui_history_cache.py::test_history_cache_merge_updates_resolves_conflict_and_dedupes PASSED [ 81%]
tests/test_tui_permission_manager.py::test_permission_manager_saves_and_resolves_persistent_policy PASSED [ 81%]
tests/test_tui_permission_manager.py::test_permission_manager_does_not_persist_once_decision PASSED [ 81%]
tests/test_tui_permission_manager.py::test_permission_manager_clear_resets_policy PASSED [ 82%]
tests/test_tui_permission_modal.py::test_permission_modal_prefers_reject_once_for_default_focus PASSED [ 82%]
tests/test_tui_permission_modal.py::test_permission_modal_allow_action_uses_allow_fallback PASSED [ 82%]
tests/test_tui_permission_modal.py::test_permission_modal_reject_action_uses_reject_fallback PASSED [ 82%]
tests/test_tui_permission_modal_mvvm.py::test_permission_modal_requires_permission_vm PASSED [ 82%]
tests/test_tui_permission_modal_mvvm.py::test_permission_modal_shows_request PASSED [ 82%]
tests/test_tui_permission_modal_mvvm.py::test_permission_modal_updates_on_type_change PASSED [ 83%]
tests/test_tui_permission_modal_mvvm.py::test_permission_modal_updates_on_resource_change PASSED [ 83%]
tests/test_tui_permission_modal_mvvm.py::test_permission_modal_hides_on_close PASSED [ 83%]
tests/test_tui_permission_modal_mvvm.py::test_permission_modal_clear PASSED [ 83%]
tests/test_tui_permission_modal_mvvm.py::test_permission_modal_backward_compatibility PASSED [ 83%]
tests/test_tui_permission_modal_mvvm.py::test_permission_modal_initializes_with_title_and_options PASSED [ 83%]
tests/test_tui_permission_modal_mvvm.py::test_permission_modal_initializes_with_message PASSED [ 84%]
tests/test_tui_permission_modal_mvvm.py::test_permission_modal_unsubscribes_on_unmount FAILED [ 84%]
tests/test_tui_plan_panel.py::test_plan_panel_applies_plan_update_snapshot PASSED [ 84%]
tests/test_tui_plan_panel.py::test_plan_panel_reset_restores_placeholder PASSED [ 84%]
tests/test_tui_plan_panel_mvvm.py::test_plan_panel_initializes_with_plan_vm PASSED [ 84%]
tests/test_tui_plan_panel_mvvm.py::test_plan_panel_requires_plan_vm PASSED [ 85%]
tests/test_tui_plan_panel_mvvm.py::test_plan_panel_displays_empty_state_initially PASSED [ 85%]
tests/test_tui_plan_panel_mvvm.py::test_plan_panel_updates_on_plan_change PASSED [ 85%]
tests/test_tui_plan_panel_mvvm.py::test_plan_panel_handles_whitespace_only_plan PASSED [ 85%]
tests/test_tui_plan_panel_mvvm.py::test_plan_panel_displays_multiline_plan PASSED [ 85%]
tests/test_tui_plan_panel_mvvm.py::test_plan_panel_clears_on_plan_clear PASSED [ 85%]
tests/test_tui_plan_panel_mvvm.py::test_plan_panel_clears_entries_on_reset PASSED [ 86%]
tests/test_tui_plan_panel_mvvm.py::test_plan_panel_backward_compatibility_set_plan PASSED [ 86%]
tests/test_tui_plan_panel_mvvm.py::test_plan_panel_backward_compatibility_clear_plan PASSED [ 86%]
tests/test_tui_plan_panel_mvvm.py::test_plan_panel_backward_compatibility_apply_update PASSED [ 86%]
tests/test_tui_plan_panel_mvvm.py::test_plan_panel_reacts_to_multiple_plan_changes PASSED [ 86%]
tests/test_tui_plan_panel_mvvm.py::test_plan_panel_subscription_works_correctly PASSED [ 86%]
tests/test_tui_plan_panel_mvvm.py::test_plan_panel_observable_change_notifications PASSED [ 87%]
tests/test_tui_prompt_input.py::test_prompt_input_supports_up_down_history_bindings PASSED [ 87%]
tests/test_tui_prompt_input.py::test_prompt_input_history_navigation_restores_draft PASSED [ 87%]
tests/test_tui_prompt_input.py::test_prompt_input_history_is_isolated_by_session PASSED [ 87%]
tests/test_tui_prompt_input.py::test_prompt_input_skips_consecutive_duplicates PASSED [ 87%]
tests/test_tui_prompt_input_mvvm.py::test_prompt_input_initializes_with_chat_view_model PASSED [ 88%]
tests/test_tui_prompt_input_mvvm.py::test_prompt_input_is_enabled_by_default PASSED [ 88%]
tests/test_tui_prompt_input_mvvm.py::test_prompt_input_disables_when_streaming PASSED [ 88%]
tests/test_tui_prompt_input_mvvm.py::test_prompt_input_enables_when_streaming_done PASSED [ 88%]
tests/test_tui_session_manager.py::test_session_manager_creates_session_before_prompt PASSED [ 88%]
tests/test_tui_session_manager.py::test_session_manager_cancel_is_noop_without_active_session PASSED [ 88%]
tests/test_tui_session_manager.py::test_session_manager_create_and_activate_replaces_active_session PASSED [ 89%]
tests/test_tui_session_manager.py::test_session_manager_can_cycle_sessions PASSED [ 89%]
tests/test_tui_session_manager.py::test_session_manager_stores_last_replay_updates_on_activate PASSED [ 89%]
tests/test_tui_session_manager.py::test_session_manager_ensure_active_loads_existing_session_replay PASSED [ 89%]
tests/test_tui_sidebar.py::test_sidebar_syncs_selected_with_active_session FAILED [ 89%]
tests/test_tui_sidebar.py::test_sidebar_select_next_and_previous_wraps PASSED [ 89%]
tests/test_tui_sidebar.py::test_sidebar_render_marks_selected_and_active_session FAILED [ 90%]
tests/test_tui_sidebar_mvvm.py::test_sidebar_initializes_with_session_view_model PASSED [ 90%]
tests/test_tui_sidebar_mvvm.py::test_sidebar_displays_loading_message_when_loading PASSED [ 90%]
tests/test_tui_sidebar_mvvm.py::test_sidebar_displays_empty_message_when_no_sessions PASSED [ 90%]
tests/test_tui_sidebar_mvvm.py::test_sidebar_displays_sessions_list PASSED [ 90%]
tests/test_tui_sidebar_mvvm.py::test_sidebar_marks_selected_session PASSED [ 91%]
tests/test_tui_sidebar_mvvm.py::test_sidebar_marks_current_selection_with_cursor PASSED [ 91%]
tests/test_tui_sidebar_mvvm.py::test_sidebar_select_next_changes_selection PASSED [ 91%]
tests/test_tui_sidebar_mvvm.py::test_sidebar_select_next_wraps_around PASSED [ 91%]
tests/test_tui_sidebar_mvvm.py::test_sidebar_select_previous_changes_selection PASSED [ 91%]
tests/test_tui_sidebar_mvvm.py::test_sidebar_select_previous_wraps_around PASSED [ 91%]
tests/test_tui_sidebar_mvvm.py::test_sidebar_syncs_selected_index_with_view_model PASSED [ 92%]
tests/test_tui_sidebar_mvvm.py::test_sidebar_handles_session_list_changes PASSED [ 92%]
tests/test_tui_terminal_log_modal_mvvm.py::test_terminal_log_modal_requires_terminal_log_vm PASSED [ 92%]
tests/test_tui_terminal_log_modal_mvvm.py::test_terminal_log_modal_adds_entry PASSED [ 92%]
tests/test_tui_terminal_log_modal_mvvm.py::test_terminal_log_modal_adds_multiple_entries PASSED [ 92%]
tests/test_tui_terminal_log_modal_mvvm.py::test_terminal_log_modal_sets_entries PASSED [ 92%]
tests/test_tui_terminal_log_modal_mvvm.py::test_terminal_log_modal_clears_entries PASSED [ 93%]
tests/test_tui_terminal_log_modal_mvvm.py::test_terminal_log_modal_shows_and_hides PASSED [ 93%]
tests/test_tui_terminal_log_modal_mvvm.py::test_terminal_log_modal_updates_on_entries_change PASSED [ 93%]
tests/test_tui_terminal_log_modal_mvvm.py::test_terminal_log_modal_backward_compatibility_add_log PASSED [ 93%]
tests/test_tui_terminal_log_modal_mvvm.py::test_terminal_log_modal_backward_compatibility_set_logs PASSED [ 93%]
tests/test_tui_terminal_log_modal_mvvm.py::test_terminal_log_modal_backward_compatibility_clear_logs PASSED [ 94%]
tests/test_tui_terminal_log_modal_mvvm.py::test_terminal_log_modal_backward_compatibility_show_modal PASSED [ 94%]
tests/test_tui_terminal_log_modal_mvvm.py::test_terminal_log_modal_empty_entries_list PASSED [ 94%]
tests/test_tui_terminal_log_modal_mvvm.py::test_terminal_log_modal_set_entries_creates_copy PASSED [ 94%]
tests/test_tui_terminal_manager.py::test_terminal_manager_create_output_wait_and_release PASSED [ 94%]
tests/test_tui_terminal_manager.py::test_terminal_manager_kill_running_process PASSED [ 94%]
tests/test_tui_terminal_output.py::test_terminal_output_panel_renders_empty_state PASSED [ 95%]
tests/test_tui_terminal_output.py::test_terminal_output_panel_renders_output_and_exit_code FAILED [ 95%]
tests/test_tui_terminal_output_mvvm.py::test_terminal_output_requires_terminal_vm PASSED [ 95%]
tests/test_tui_terminal_output_mvvm.py::test_terminal_output_initializes_with_terminal_vm PASSED [ 95%]
tests/test_tui_terminal_output_mvvm.py::test_terminal_output_updates_on_output_change PASSED [ 95%]
tests/test_tui_terminal_output_mvvm.py::test_terminal_output_appends_text PASSED [ 95%]
tests/test_tui_terminal_output_mvvm.py::test_terminal_output_clears_on_reset PASSED [ 96%]
tests/test_tui_terminal_output_mvvm.py::test_terminal_output_running_status PASSED [ 96%]
tests/test_tui_terminal_output_mvvm.py::test_terminal_output_backward_compatibility_append PASSED [ 96%]
tests/test_tui_terminal_output_mvvm.py::test_terminal_output_backward_compatibility_set_output PASSED [ 96%]
tests/test_tui_terminal_output_mvvm.py::test_terminal_output_backward_compatibility_reset PASSED [ 96%]
tests/test_tui_terminal_output_mvvm.py::test_terminal_output_renders_empty_message_when_no_output PASSED [ 97%]
tests/test_tui_terminal_output_mvvm.py::test_terminal_output_set_exit_code PASSED [ 97%]
tests/test_tui_terminal_output_mvvm.py::test_terminal_output_renders_output_with_ansi PASSED [ 97%]
tests/test_tui_terminal_output_mvvm.py::test_terminal_output_subscribes_to_output_observable PASSED [ 97%]
tests/test_tui_terminal_output_mvvm.py::test_terminal_output_subscribes_to_has_output_observable PASSED [ 97%]
tests/test_tui_terminal_output_mvvm.py::test_terminal_output_subscribes_to_is_running_observable PASSED [ 97%]
tests/test_tui_terminal_output_mvvm.py::test_terminal_output_mvvm_integration_flow PASSED [ 98%]
tests/test_tui_terminal_output_mvvm.py::test_terminal_output_multiple_appends PASSED [ 98%]
tests/test_tui_terminal_output_mvvm.py::test_terminal_output_handles_whitespace_only PASSED [ 98%]
tests/test_tui_terminal_output_mvvm.py::test_terminal_output_preserves_exit_code_on_reset PASSED [ 98%]
tests/test_tui_tool_panel.py::test_tool_panel_applies_created_and_state_updates PASSED [ 98%]
tests/test_tui_tool_panel.py::test_tool_panel_reset_clears_view PASSED   [ 98%]
tests/test_tui_tool_panel.py::test_tool_panel_renders_terminal_id_and_output_excerpt FAILED [ 99%]
tests/test_tui_tool_panel.py::test_tool_panel_returns_latest_terminal_snapshot FAILED [ 99%]
tests/test_tui_ui_state.py::test_ui_state_store_save_and_load_roundtrip PASSED [ 99%]
tests/test_tui_ui_state.py::test_ui_state_store_returns_empty_snapshot_on_invalid_json PASSED [ 99%]
tests/test_tui_ui_state.py::test_ui_state_machine_valid_transition_flow PASSED [ 99%]
tests/test_tui_ui_state.py::test_ui_state_machine_rejects_invalid_transition PASSED [100%]/Users/sergey/Projects/OpenIdeaLab/CodeLab/acp-protocol/acp-client/.venv/lib/python3.12/site-packages/_pytest/unraisableexception.py:33: RuntimeWarning: coroutine 'DirectoryTree.watch_path' was never awaited
  gc.collect()
RuntimeWarning: Enable tracemalloc to get the object allocation traceback


=================================== FAILURES ===================================
_______________ test_file_tree_updates_root_for_valid_directory ________________
tests/test_tui_file_tree.py:25: in test_file_tree_updates_root_for_valid_directory
    assert tree.root_path == target
E   AssertionError: assert PosixPath('/private/var/folders/38/2h99w6rx1fz1qhgr17m1cbpm0000gn/T/pytest-of-sergey/pytest-24/test_file_tree_updates_root_fo0') == PosixPath('/private/var/folders/38/2h99w6rx1fz1qhgr17m1cbpm0000gn/T/pytest-of-sergey/pytest-24/test_file_tree_updates_root_fo0/workspace')
E    +  where PosixPath('/private/var/folders/38/2h99w6rx1fz1qhgr17m1cbpm0000gn/T/pytest-of-sergey/pytest-24/test_file_tree_updates_root_fo0') = FileTree(id='file-tree').root_path
_______________ test_tool_panel_initializes_with_chat_view_model _______________
tests/test_tui_footer_and_tool_panel_mvvm.py:133: in test_tool_panel_initializes_with_chat_view_model
    tool_panel = ToolPanel(chat_view_model)
                 ^^^^^^^^^^^^^^^^^^^^^^^^^^
E   TypeError: ToolPanel.__init__() missing 1 required positional argument: 'terminal_vm'
___________________ test_update_handler_routes_tool_updates ____________________
tests/test_tui_handlers.py:85: in test_update_handler_routes_tool_updates
    handler.handle(
src/acp_client/tui/managers/handlers.py:57: in handle
    tool_call_id=parsed_tool_update.tool_call_id)  # type: ignore[union-attr]
                 ^^^^^^^^^^^^^^^^^^^^^^^^^^^^^^^
.venv/lib/python3.12/site-packages/pydantic/main.py:1026: in __getattr__
    raise AttributeError(f'{type(self).__name__!r} object has no attribute {item!r}')
E   AttributeError: 'ToolCallCreatedUpdate' object has no attribute 'tool_call_id'. Did you mean: 'toolCallId'?
________________ test_permission_modal_unsubscribes_on_unmount _________________
tests/test_tui_permission_modal_mvvm.py:307: in test_permission_modal_unsubscribes_on_unmount
    assert len(modal._unsubscribers) == 4  # type, resource, message, is_visible
    ^^^^^^^^^^^^^^^^^^^^^^^^^^^^^^^^^^^^^
E   assert 3 == 4
E    +  where 3 = len([<function Observable.subscribe.<locals>.<lambda> at 0x122779ee0>, <function Observable.subscribe.<locals>.<lambda> at 0x12277a020>, <function Observable.subscribe.<locals>.<lambda> at 0x12277a0c0>])
E    +    where [<function Observable.subscribe.<locals>.<lambda> at 0x122779ee0>, <function Observable.subscribe.<locals>.<lambda> at 0x12277a020>, <function Observable.subscribe.<locals>.<lambda> at 0x12277a0c0>] = PermissionModal()._unsubscribers
_______________ test_sidebar_syncs_selected_with_active_session ________________
tests/test_tui_sidebar.py:24: in test_sidebar_syncs_selected_with_active_session
    assert sidebar.get_selected_session_id() == "sess_2"
E   AssertionError: assert 'sess_1' == 'sess_2'
E     
E     - sess_2
E     ?      ^
E     + sess_1
E     ?      ^
____________ test_sidebar_render_marks_selected_and_active_session _____________
tests/test_tui_sidebar.py:63: in test_sidebar_render_marks_selected_and_active_session
    assert "Сессии (Up/Down + Enter):" in rendered
E   AssertionError: assert 'Сессии (Up/Down + Enter):' in 'Сессии загружаются...'
___________ test_terminal_output_panel_renders_output_and_exit_code ____________
.venv/lib/python3.12/site-packages/textual/message_pump.py:257: in app
    return active_app.get()
           ^^^^^^^^^^^^^^^^
E   LookupError: <ContextVar name='active_app' at 0x12193c900>

During handling of the above exception, another exception occurred:
tests/test_tui_terminal_output.py:28: in test_terminal_output_panel_renders_output_and_exit_code
    panel.set_exit_code(0)
src/acp_client/tui/components/terminal_output.py:96: in set_exit_code
    self.update(self.render_text())
.venv/lib/python3.12/site-packages/textual/widgets/_static.py:94: in update
    self.__visual = visualize(self, content, markup=self._render_markup)
                    ^^^^^^^^^^^^^^^^^^^^^^^^^^^^^^^^^^^^^^^^^^^^^^^^^^^^
.venv/lib/python3.12/site-packages/textual/visual.py:108: in visualize
    return Content.from_rich_text(obj, console=widget.app.console)
                                               ^^^^^^^^^^
.venv/lib/python3.12/site-packages/textual/message_pump.py:264: in app
    raise NoActiveAppError()
E   textual._context.NoActiveAppError
____________ test_tool_panel_renders_terminal_id_and_output_excerpt ____________
.venv/lib/python3.12/site-packages/textual/message_pump.py:257: in app
    return active_app.get()
           ^^^^^^^^^^^^^^^^
E   LookupError: <ContextVar name='active_app' at 0x12193c900>

During handling of the above exception, another exception occurred:
tests/test_tui_tool_panel.py:72: in test_tool_panel_renders_terminal_id_and_output_excerpt
    panel.apply_update(
src/acp_client/tui/components/tool_panel.py:114: in apply_update
    terminal_view.set_exit_code(exit_code)
src/acp_client/tui/components/terminal_output.py:96: in set_exit_code
    self.update(self.render_text())
.venv/lib/python3.12/site-packages/textual/widgets/_static.py:94: in update
    self.__visual = visualize(self, content, markup=self._render_markup)
                    ^^^^^^^^^^^^^^^^^^^^^^^^^^^^^^^^^^^^^^^^^^^^^^^^^^^^
.venv/lib/python3.12/site-packages/textual/visual.py:108: in visualize
    return Content.from_rich_text(obj, console=widget.app.console)
                                               ^^^^^^^^^^
.venv/lib/python3.12/site-packages/textual/message_pump.py:264: in app
    raise NoActiveAppError()
E   textual._context.NoActiveAppError
_______________ test_tool_panel_returns_latest_terminal_snapshot _______________
.venv/lib/python3.12/site-packages/textual/message_pump.py:257: in app
    return active_app.get()
           ^^^^^^^^^^^^^^^^
E   LookupError: <ContextVar name='active_app' at 0x12193c900>

During handling of the above exception, another exception occurred:
tests/test_tui_tool_panel.py:101: in test_tool_panel_returns_latest_terminal_snapshot
    panel.apply_update(
src/acp_client/tui/components/tool_panel.py:114: in apply_update
    terminal_view.set_exit_code(exit_code)
src/acp_client/tui/components/terminal_output.py:96: in set_exit_code
    self.update(self.render_text())
.venv/lib/python3.12/site-packages/textual/widgets/_static.py:94: in update
    self.__visual = visualize(self, content, markup=self._render_markup)
                    ^^^^^^^^^^^^^^^^^^^^^^^^^^^^^^^^^^^^^^^^^^^^^^^^^^^^
.venv/lib/python3.12/site-packages/textual/visual.py:108: in visualize
    return Content.from_rich_text(obj, console=widget.app.console)
                                               ^^^^^^^^^^
.venv/lib/python3.12/site-packages/textual/message_pump.py:264: in app
    raise NoActiveAppError()
E   textual._context.NoActiveAppError
=============================== warnings summary ===============================
tests/test_presentation_base_view_model.py:10
  /Users/sergey/Projects/OpenIdeaLab/CodeLab/acp-protocol/acp-client/tests/test_presentation_base_view_model.py:10: PytestCollectionWarning: cannot collect test class 'TestViewModel' because it has a __init__ constructor (from: tests/test_presentation_base_view_model.py)
    class TestViewModel(BaseViewModel):

tests/test_tui_file_tree_mvvm.py::test_file_tree_updates_on_root_change
  <string>:2: RuntimeWarning: coroutine 'DirectoryTree.watch_path' was never awaited
  Enable tracemalloc to get traceback where the object was allocated.
  See https://docs.pytest.org/en/stable/how-to/capture-warnings.html#resource-warnings for more info.

tests/test_tui_file_tree_mvvm.py::test_file_tree_clear
  /Users/sergey/.local/share/uv/python/cpython-3.12.11-macos-aarch64-none/lib/python3.12/weakref.py:382: RuntimeWarning: coroutine 'DirectoryTree.watch_path' was never awaited
    self._iterating = set()
  Enable tracemalloc to get traceback where the object was allocated.
  See https://docs.pytest.org/en/stable/how-to/capture-warnings.html#resource-warnings for more info.

tests/test_tui_file_viewer.py::test_file_viewer_search_rebuilds_matches_and_updates_status
  /Users/sergey/.local/share/uv/python/cpython-3.12.11-macos-aarch64-none/lib/python3.12/unittest/mock.py:2217: RuntimeWarning: coroutine 'DirectoryTree.watch_path' was never awaited
    def __init__(self, name, parent):
  Enable tracemalloc to get traceback where the object was allocated.
  See https://docs.pytest.org/en/stable/how-to/capture-warnings.html#resource-warnings for more info.

tests/test_tui_footer_and_tool_panel_mvvm.py::test_footer_bar_displays_info_message
  /Users/sergey/.local/share/uv/python/cpython-3.12.11-macos-aarch64-none/lib/python3.12/_weakrefset.py:49: RuntimeWarning: coroutine 'DirectoryTree.watch_path' was never awaited
    self._iterating = set()
  Enable tracemalloc to get traceback where the object was allocated.
  See https://docs.pytest.org/en/stable/how-to/capture-warnings.html#resource-warnings for more info.

-- Docs: https://docs.pytest.org/en/stable/how-to/capture-warnings.html
=========================== short test summary info ============================
FAILED tests/test_tui_file_tree.py::test_file_tree_updates_root_for_valid_directory
FAILED tests/test_tui_footer_and_tool_panel_mvvm.py::test_tool_panel_initializes_with_chat_view_model
FAILED tests/test_tui_handlers.py::test_update_handler_routes_tool_updates - ...
FAILED tests/test_tui_permission_modal_mvvm.py::test_permission_modal_unsubscribes_on_unmount
FAILED tests/test_tui_sidebar.py::test_sidebar_syncs_selected_with_active_session
FAILED tests/test_tui_sidebar.py::test_sidebar_render_marks_selected_and_active_session
FAILED tests/test_tui_terminal_output.py::test_terminal_output_panel_renders_output_and_exit_code
FAILED tests/test_tui_tool_panel.py::test_tool_panel_renders_terminal_id_and_output_excerpt
FAILED tests/test_tui_tool_panel.py::test_tool_panel_returns_latest_terminal_snapshot
================== 9 failed, 559 passed, 5 warnings in 1.66s ===================
